#
# There is insufficient memory for the Java Runtime Environment to continue.
# Native memory allocation (mmap) failed to map 134217728 bytes. Error detail: G1 virtual space
# Possible reasons:
#   The system is out of physical RAM or swap space
#   This process is running with CompressedOops enabled, and the Java Heap may be blocking the growth of the native heap
# Possible solutions:
#   Reduce memory load on the system
#   Increase physical memory or swap space
#   Check if swap backing store is full
#   Decrease Java heap size (-Xmx/-Xms)
#   Decrease number of Java threads
#   Decrease Java thread stack sizes (-Xss)
#   Set larger code cache with -XX:ReservedCodeCacheSize=
#   JVM is running with Unscaled Compressed Oops mode in which the Java heap is
#     placed in the first 4GB address space. The Java Heap base address is the
#     maximum limit for the native heap growth. Please use -XX:HeapBaseMinAddress
#     to set the Java Heap base and to place the Java Heap above 4GB virtual address.
# This output file may be truncated or incomplete.
#
#  Out of Memory Error (os_windows.cpp:3631), pid=816, tid=11716
#
# JRE version:  (22.0.1+8) (build )
# Java VM: Java HotSpot(TM) 64-Bit Server VM (22.0.1+8-16, mixed mode, sharing, tiered, compressed oops, compressed class ptrs, g1 gc, windows-amd64)
# No core dump will be written. Minidumps are not enabled by default on client versions of Windows
#

---------------  S U M M A R Y ------------

Command Line: -javaagent:C:\Program Files\JetBrains\IntelliJ IDEA 2024.1.1\lib\idea_rt.jar=54088:C:\Program Files\JetBrains\IntelliJ IDEA 2024.1.1\bin -Dfile.encoding=UTF-8 -Dsun.stdout.encoding=UTF-8 -Dsun.stderr.encoding=UTF-8 com.app.alarmsystem.Main

Host: Intel(R) Core(TM) i3-5005U CPU @ 2.00GHz, 4 cores, 7G,  Windows 10 , 64 bit Build 19041 (10.0.19041.4597)
Time: Fri Jul 26 16:34:38 2024 W. Central Africa Standard Time elapsed time: 0.373043 seconds (0d 0h 0m 0s)

---------------  T H R E A D  ---------------

Current thread (0x0000029716fcde30):  JavaThread "Unknown thread" [_thread_in_vm, id=11716, stack(0x000000a693800000,0x000000a693900000) (1024K)]

Stack: [0x000000a693800000,0x000000a693900000]
Native frames: (J=compiled Java code, j=interpreted, Vv=VM code, C=native code)
V  [jvm.dll+0x6e2279]  (no source info available)
V  [jvm.dll+0x874e33]  (no source info available)
V  [jvm.dll+0x87725e]  (no source info available)
V  [jvm.dll+0x877933]  (no source info available)
V  [jvm.dll+0x27fd76]  (no source info available)
V  [jvm.dll+0x6de915]  (no source info available)
V  [jvm.dll+0x6d341a]  (no source info available)
V  [jvm.dll+0x3589da]  (no source info available)
V  [jvm.dll+0x360f06]  (no source info available)
V  [jvm.dll+0x3b3e2e]  (no source info available)
V  [jvm.dll+0x3b40d8]  (no source info available)
V  [jvm.dll+0x32c59c]  (no source info available)
V  [jvm.dll+0x32d158]  (no source info available)
V  [jvm.dll+0x83ccdc]  (no source info available)
V  [jvm.dll+0x3c0d71]  (no source info available)
V  [jvm.dll+0x825ccc]  (no source info available)
V  [jvm.dll+0x45b8fe]  (no source info available)
V  [jvm.dll+0x45d781]  (no source info available)
C  [jli.dll+0x52a3]  (no source info available)
C  [ucrtbase.dll+0x21bb2]  (no source info available)
C  [KERNEL32.DLL+0x17374]  (no source info available)
C  [ntdll.dll+0x4cc91]  (no source info available)


---------------  P R O C E S S  ---------------

Threads class SMR info:
_java_thread_list=0x00007ffe6d9bb1c8, length=0, elements={
}

Java Threads: ( => current thread )
Total: 0

Other Threads:
  0x0000029717027680 WorkerThread "GC Thread#0"                     [id=16028, stack(0x000000a693900000,0x000000a693a00000) (1024K)]
  0x0000029717038300 ConcurrentGCThread "G1 Main Marker"            [id=14432, stack(0x000000a693a00000,0x000000a693b00000) (1024K)]
  0x0000029717038ed0 WorkerThread "G1 Conc#0"                       [id=5044, stack(0x000000a693b00000,0x000000a693c00000) (1024K)]

[error occurred during error reporting (printing all threads), id 0xc0000005, EXCEPTION_ACCESS_VIOLATION (0xc0000005) at pc=0x00007ffe6d10f367]
VM state: not at safepoint (not fully initialized)

VM Mutex/Monitor currently owned by a thread:  ([mutex/lock_event])
[0x00007ffe6da3bcb8] Heap_lock - owner thread: 0x0000029716fcde30

Heap address: 0x0000000081400000, size: 2028 MB, Compressed Oops mode: 32-bit

CDS archive(s) mapped at: [0x0000000000000000-0x0000000000000000-0x0000000000000000), size 0, SharedBaseAddress: 0x0000000800000000, ArchiveRelocationMode: 1.
Narrow klass base: 0x0000000000000000, Narrow klass shift: 0, Narrow klass range: 0x0

GC Precious Log:
 CardTable entry size: 512
 Card Set container configuration: InlinePtr #cards 5 size 8 Array Of Cards #cards 12 size 40 Howl #buckets 4 coarsen threshold 1843 Howl Bitmap #cards 512 size 80 coarsen threshold 460 Card regions per heap region 1 cards per card region 2048

Heap:
 garbage-first heap   total reserved 2076672K, committed 0K, used 0K [0x0000000081400000, 0x0000000100000000)
  region size 1024K, 0 young (0K), 0 survivors (0K)

[error occurred during error reporting (printing heap information), id 0xc0000005, EXCEPTION_ACCESS_VIOLATION (0xc0000005) at pc=0x00007ffe6d50e429]
GC Heap History (0 events):
No events

Dll operation events (1 events):
Event: 0.238 Loaded shared library C:\Program Files\Java\jdk-22\bin\java.dll

Deoptimization events (0 events):
No events

Classes loaded (0 events):
No events

Classes unloaded (0 events):
No events

Classes redefined (0 events):
No events

Internal exceptions (0 events):
No events

ZGC Phase Switch (0 events):
No events

VM Operations (0 events):
No events

Events (0 events):
No events


Dynamic libraries:
0x00007ff73e2f0000 - 0x00007ff73e300000 	C:\Program Files\Java\jdk-22\bin\java.exe
0x00007ffee6970000 - 0x00007ffee6b68000 	C:\WINDOWS\SYSTEM32\ntdll.dll
0x00007ffee5760000 - 0x00007ffee5821000 	C:\WINDOWS\System32\KERNEL32.DLL
0x00007ffee4020000 - 0x00007ffee4316000 	C:\WINDOWS\System32\KERNELBASE.dll
0x00007ffee4660000 - 0x00007ffee4760000 	C:\WINDOWS\System32\ucrtbase.dll
0x00007ffec7790000 - 0x00007ffec77ab000 	C:\Program Files\Java\jdk-22\bin\VCRUNTIME140.dll
0x00007ffec6ae0000 - 0x00007ffec6af7000 	C:\Program Files\Java\jdk-22\bin\jli.dll
0x00007ffee5c90000 - 0x00007ffee5d40000 	C:\WINDOWS\System32\ADVAPI32.dll
0x00007ffee5690000 - 0x00007ffee572e000 	C:\WINDOWS\System32\msvcrt.dll
0x00007ffee5310000 - 0x00007ffee53b0000 	C:\WINDOWS\System32\sechost.dll
0x00007ffee5560000 - 0x00007ffee5683000 	C:\WINDOWS\System32\RPCRT4.dll
0x00007ffee4760000 - 0x00007ffee4787000 	C:\WINDOWS\System32\bcrypt.dll
0x00007ffee5150000 - 0x00007ffee52ef000 	C:\WINDOWS\System32\USER32.dll
0x00007ffee4500000 - 0x00007ffee4522000 	C:\WINDOWS\System32\win32u.dll
0x00007ffee5c60000 - 0x00007ffee5c8b000 	C:\WINDOWS\System32\GDI32.dll
0x00007ffecf560000 - 0x00007ffecf7fa000 	C:\WINDOWS\WinSxS\amd64_microsoft.windows.common-controls_6595b64144ccf1df_6.0.19041.4355_none_60b8b9eb71f62e16\COMCTL32.dll
0x00007ffee4320000 - 0x00007ffee4437000 	C:\WINDOWS\System32\gdi32full.dll
0x00007ffee4530000 - 0x00007ffee45cd000 	C:\WINDOWS\System32\msvcp_win.dll
0x00007ffed6a20000 - 0x00007ffed6a2a000 	C:\WINDOWS\SYSTEM32\VERSION.dll
0x00007ffee5730000 - 0x00007ffee575f000 	C:\WINDOWS\System32\IMM32.DLL
0x00007ffecc900000 - 0x00007ffecc90c000 	C:\Program Files\Java\jdk-22\bin\vcruntime140_1.dll
0x00007ffebac80000 - 0x00007ffebad0e000 	C:\Program Files\Java\jdk-22\bin\msvcp140.dll
0x00007ffe6cdd0000 - 0x00007ffe6db17000 	C:\Program Files\Java\jdk-22\bin\server\jvm.dll
0x00007ffee6030000 - 0x00007ffee609b000 	C:\WINDOWS\System32\WS2_32.dll
0x00007ffee3e70000 - 0x00007ffee3ebb000 	C:\WINDOWS\SYSTEM32\POWRPROF.dll
0x00007ffed1970000 - 0x00007ffed1997000 	C:\WINDOWS\SYSTEM32\WINMM.dll
0x00007ffee3e50000 - 0x00007ffee3e62000 	C:\WINDOWS\SYSTEM32\UMPDC.dll
0x00007ffee1e40000 - 0x00007ffee1e52000 	C:\WINDOWS\SYSTEM32\kernel.appcore.dll
0x00007ffecaeb0000 - 0x00007ffecaeba000 	C:\Program Files\Java\jdk-22\bin\jimage.dll
0x00007ffed2010000 - 0x00007ffed21f4000 	C:\WINDOWS\SYSTEM32\DBGHELP.DLL
0x00007ffed16c0000 - 0x00007ffed16f4000 	C:\WINDOWS\SYSTEM32\dbgcore.DLL
0x00007ffee45d0000 - 0x00007ffee4652000 	C:\WINDOWS\System32\bcryptPrimitives.dll
0x00007ffecc980000 - 0x00007ffecc98f000 	C:\Program Files\Java\jdk-22\bin\instrument.dll
0x00007ffec8a40000 - 0x00007ffec8a5e000 	C:\Program Files\Java\jdk-22\bin\java.dll
0x00007ffee61c0000 - 0x00007ffee692c000 	C:\WINDOWS\System32\SHELL32.dll
0x00007ffee5f00000 - 0x00007ffee602b000 	C:\WINDOWS\System32\ole32.dll
0x00007ffee5830000 - 0x00007ffee5b83000 	C:\WINDOWS\System32\combase.dll

dbghelp: loaded successfully - version: 4.0.5 - missing functions: none
symbol engine: initialized successfully - sym options: 0x614 - pdb path: .;C:\Program Files\Java\jdk-22\bin;C:\WINDOWS\SYSTEM32;C:\WINDOWS\WinSxS\amd64_microsoft.windows.common-controls_6595b64144ccf1df_6.0.19041.4355_none_60b8b9eb71f62e16;C:\Program Files\Java\jdk-22\bin\server

VM Arguments:
jvm_args: -javaagent:C:\Program Files\JetBrains\IntelliJ IDEA 2024.1.1\lib\idea_rt.jar=54088:C:\Program Files\JetBrains\IntelliJ IDEA 2024.1.1\bin -Dfile.encoding=UTF-8 -Dsun.stdout.encoding=UTF-8 -Dsun.stderr.encoding=UTF-8 
java_command: com.app.alarmsystem.Main
java_class_path (initial): C:\Users\leebo\Desktop\JavaProjects\SimpleTasks\AlarmSystem\target\classes
Launcher Type: SUN_STANDARD

[Global flags]
     intx CICompilerCount                          = 3                                         {product} {ergonomic}
     uint ConcGCThreads                            = 1                                         {product} {ergonomic}
     uint G1ConcRefinementThreads                  = 4                                         {product} {ergonomic}
   size_t G1HeapRegionSize                         = 1048576                                   {product} {ergonomic}
   size_t InitialHeapSize                          = 134217728                                 {product} {ergonomic}
   size_t MarkStackSize                            = 4194304                                   {product} {ergonomic}
   size_t MaxHeapSize                              = 2126512128                                {product} {ergonomic}
   size_t MinHeapDeltaBytes                        = 1048576                                   {product} {ergonomic}
   size_t MinHeapSize                              = 8388608                                   {product} {ergonomic}
    uintx NonNMethodCodeHeapSize                   = 5832780                                {pd product} {ergonomic}
    uintx NonProfiledCodeHeapSize                  = 122912730                              {pd product} {ergonomic}
    uintx ProfiledCodeHeapSize                     = 122912730                              {pd product} {ergonomic}
    uintx ReservedCodeCacheSize                    = 251658240                              {pd product} {ergonomic}
     bool SegmentedCodeCache                       = true                                      {product} {ergonomic}
   size_t SoftMaxHeapSize                          = 2126512128                             {manageable} {ergonomic}
     bool UseCompressedOops                        = true                           {product lp64_product} {ergonomic}
     bool UseG1GC                                  = true                                      {product} {ergonomic}
     bool UseLargePagesIndividualAllocation        = false                                  {pd product} {ergonomic}

Logging:
Log output configuration:
 #0: stdout all=warning uptime,level,tags foldmultilines=false
 #1: stderr all=off uptime,level,tags foldmultilines=false

Environment Variables:
PATH=C:\Program Files\Common Files\Oracle\Java\javapath;C:\Program Files\Volta\;c:\Users\leebo\AppData\Local\Programs\cursor\resources\app\bin;C:\Program Files (x86)\Common Files\Intel\Shared Libraries\redist\intel64\compiler;C:\WINDOWS\system32;C:\WINDOWS;C:\WINDOWS\System32\Wbem;C:\WINDOWS\System32\WindowsPowerShell\v1.0\;C:\WINDOWS\System32\OpenSSH\;C:\Program Files\Git\cmd;C:\ProgramData\chocolatey\bin;C:\Users\leebo\AppData\Local\Programs\Python\Python310;C:\Program Files\PuTTY\;C:\Program Files (x86)\Google\Cloud SDK\google-cloud-sdk\bin;C:\tools;C:\Program Files\PostgreSQL\15\bin;C:\Users\leebo\AppData\Local\Programs\Python\Python311\Scripts\;C:\Users\leebo\AppData\Local\Programs\Python\Python311\;C:\Program Files\MySQL\MySQL Shell 8.0\bin\;C:\Users\leebo\AppData\Local\Microsoft\WindowsApps;C:\Program Files\JetBrains\WebStorm 2022.2.2\bin;C:\Program Files\JetBrains\PyCharm 2022.2.2\bin;C:\Program Files\JetBrains\CLion 2022.2;C:\Program Files\Go\bin;C:\Program Files\nodejs\;;C:\Program Files\Docker\Docker\resources\bin;C:\Users\leebo\AppData\Local\Programs\Python\Python312\Scripts\;C:\Users\leebo\AppData\Local\Programs\Python\Python312\;C:\Users\leebo\AppData\Local\Programs\Python\Python310\Scripts\;C:\Users\leebo\AppData\Local\Programs\Python\Python310\;C:\Users\leebo\AppData\Local\Volta\bin;C:\Program Files\MySQL\MySQL Shell 8.0\bin\;C:\Users\leebo\AppData\Local\Microsoft\WindowsApps;C:\Users\leebo\AppData\Local\Programs\Microsoft VS Code\bin;C:\Program Files\JetBrains\WebStorm 2022.2.2\bin;;C:\Program Files\JetBrains\PyCharm 2022.2.2\bin;;C:\Program Files\JetBrains\CLion 2022.2.3\bin;;C:\Program Files\heroku\bin;C:\tools;C:\Users\leebo\AppData\Local\Programs\mongosh\;C:\Users\leebo\go\bin;C:\Users\leebo\AppData\Roaming\npm
USERNAME=Aniebiet Afia
OS=Windows_NT
PROCESSOR_IDENTIFIER=Intel64 Family 6 Model 61 Stepping 4, GenuineIntel
TMP=C:\Users\leebo\AppData\Local\Temp
TEMP=C:\Users\leebo\AppData\Local\Temp




Periodic native trim disabled

---------------  S Y S T E M  ---------------

OS:
 Windows 10 , 64 bit Build 19041 (10.0.19041.4597)
OS uptime: 4 days 21:57 hours
Hyper-V role detected

CPU: total 4 (initial active 4) (2 cores per cpu, 2 threads per core) family 6 model 61 stepping 4 microcode 0x2d, cx8, cmov, fxsr, ht, mmx, 3dnowpref, sse, sse2, sse3, ssse3, sse4.1, sse4.2, popcnt, lzcnt, tsc, tscinvbit, avx, avx2, aes, erms, clmul, bmi1, bmi2, adx, fma, vzeroupper, clflush, hv, rdtscp, f16c
Processor Information for all 4 processors :
  Max Mhz: 2000, Current Mhz: 2000, Mhz Limit: 2000

Memory: 4k page, system-wide physical 8107M (775M free)
TotalPageFile size 32683M (AvailPageFile size 104M)
current process WorkingSet (physical memory assigned to process): 11M, peak: 11M
current process commit charge ("private bytes"): 52M, peak: 180M

vm_info: Java HotSpot(TM) 64-Bit Server VM (22.0.1+8-16) for windows-amd64 JRE (22.0.1+8-16), built on 2024-03-12T10:33:16Z by "mach5one" with MS VC++ 17.6 (VS2022)

END.
